<?xml version="1.0" encoding="UTF-8"?>
<!-- Generated by org.testng.reporters.JUnitReportReporter -->
<testsuite hostname="TARS" failures="0" tests="1" name="com.perrys.test.MessageAPI" time="0.013" errors="0" timestamp="2024-07-09T08:50:20 IST" skipped="0">
  <testcase classname="com.perrys.test.MessageAPI" name="test" time="0.013"/>
</testsuite> <!-- com.perrys.test.MessageAPI -->
