<?xml version="1.0" encoding="UTF-8"?>
<!-- Generated by org.testng.reporters.JUnitReportReporter -->
<testsuite hostname="TARS" failures="0" tests="10" name="com.perrys.test.GetMessage" time="0.459" errors="0" timestamp="2024-07-10T18:06:50 IST" skipped="0">
  <testcase classname="com.perrys.test.GetMessage" name="sendReplyMessageAgain" time="0.075"/>
  <testcase classname="com.perrys.test.GetMessage" name="getUsingMessageId" time="0.067"/>
  <testcase classname="com.perrys.test.GetMessage" name="validateGetDeletedMessageId" time="0.014"/>
  <testcase classname="com.perrys.test.GetMessage" name="validateErrorForMessage" time="0.055"/>
  <testcase classname="com.perrys.test.GetMessage" name="deleteUsingMessageId" time="0.021"/>
  <testcase classname="com.perrys.test.GetMessage" name="sendReplyMessage" time="0.049"/>
  <testcase classname="com.perrys.test.GetMessage" name="validateErrorForToId" time="0.061"/>
  <testcase classname="com.perrys.test.GetMessage" name="sendMessage" time="0.040"/>
  <testcase classname="com.perrys.test.GetMessage" name="validateInvalidMessageId" time="0.019"/>
  <testcase classname="com.perrys.test.GetMessage" name="validateErrorForFromId" time="0.058"/>
</testsuite> <!-- com.perrys.test.GetMessage -->
