<?xml version="1.0" encoding="UTF-8"?>
<!-- Generated by org.testng.reporters.JUnitReportReporter -->
<testsuite hostname="TARS" failures="0" tests="6" name="com.perrys.test.CreateMessage" time="0.372" errors="0" timestamp="2024-07-10T18:06:50 IST" skipped="0">
  <testcase classname="com.perrys.test.CreateMessage" name="validateErrorForToId" time="0.066"/>
  <testcase classname="com.perrys.test.CreateMessage" name="sendReplyMessageAgain" time="0.073"/>
  <testcase classname="com.perrys.test.CreateMessage" name="sendMessage" time="0.072"/>
  <testcase classname="com.perrys.test.CreateMessage" name="sendReplyMessage" time="0.040"/>
  <testcase classname="com.perrys.test.CreateMessage" name="validateErrorForFromId" time="0.066"/>
  <testcase classname="com.perrys.test.CreateMessage" name="validateErrorForMessage" time="0.055"/>
</testsuite> <!-- com.perrys.test.CreateMessage -->
