<?xml version="1.0" encoding="UTF-8"?>
<!-- Generated by org.testng.reporters.JUnitReportReporter -->
<testsuite hostname="TARS" failures="0" tests="1" name="com.perrys.framework.ExcelData" time="0.015" errors="0" timestamp="2024-07-09T08:26:20 IST" skipped="0">
  <testcase classname="com.perrys.framework.ExcelData" name="test" time="0.015"/>
</testsuite> <!-- com.perrys.framework.ExcelData -->
