<?xml version="1.0" encoding="UTF-8"?>
<!-- Generated by org.testng.reporters.JUnitReportReporter -->
<testsuite hostname="TARS" failures="0" tests="7" name="com.perrys.test.DeleteMessage" time="0.412" errors="0" timestamp="2024-07-10T18:06:50 IST" skipped="0">
  <testcase classname="com.perrys.test.DeleteMessage" name="sendReplyMessageAgain" time="0.079"/>
  <testcase classname="com.perrys.test.DeleteMessage" name="sendMessage" time="0.044"/>
  <testcase classname="com.perrys.test.DeleteMessage" name="validateErrorForToId" time="0.099"/>
  <testcase classname="com.perrys.test.DeleteMessage" name="sendReplyMessage" time="0.037"/>
  <testcase classname="com.perrys.test.DeleteMessage" name="deleteUsingMessageId" time="0.021"/>
  <testcase classname="com.perrys.test.DeleteMessage" name="validateErrorForMessage" time="0.070"/>
  <testcase classname="com.perrys.test.DeleteMessage" name="validateErrorForFromId" time="0.062"/>
</testsuite> <!-- com.perrys.test.DeleteMessage -->
